<?xml version="1.0" encoding="UTF-8" ?>
<testsuite tests="2" failures="0" name="fit.wenchao.utils.timer.TimerTest" time="0.125" errors="0" skipped="0">
  <properties>
    <property name="java.runtime.name" value="OpenJDK Runtime Environment"/>
    <property name="sun.boot.library.path" value="/Users/cw/Library/Java/JavaVirtualMachines/liberica-1.8.0_312/jre/lib"/>
    <property name="java.vm.version" value="25.312-b07"/>
    <property name="gopherProxySet" value="false"/>
    <property name="java.vm.vendor" value="BellSoft"/>
    <property name="maven.multiModuleProjectDirectory" value="/Users/cw/Documents/Projects/Idea/MyUtils"/>
    <property name="java.vendor.url" value="https://bell-sw.com/"/>
    <property name="path.separator" value=":"/>
    <property name="guice.disable.misplaced.annotation.check" value="true"/>
    <property name="java.vm.name" value="OpenJDK 64-Bit Server VM"/>
    <property name="file.encoding.pkg" value="sun.io"/>
    <property name="user.country" value="CN"/>
    <property name="sun.java.launcher" value="SUN_STANDARD"/>
    <property name="sun.os.patch.level" value="unknown"/>
    <property name="java.vm.specification.name" value="Java Virtual Machine Specification"/>
    <property name="user.dir" value="/Users/cw/Documents/Projects/Idea/MyUtils"/>
    <property name="java.runtime.version" value="1.8.0_312-b07"/>
    <property name="java.awt.graphicsenv" value="sun.awt.CGraphicsEnvironment"/>
    <property name="java.endorsed.dirs" value="/Users/cw/Library/Java/JavaVirtualMachines/liberica-1.8.0_312/jre/lib/endorsed"/>
    <property name="os.arch" value="aarch64"/>
    <property name="java.io.tmpdir" value="/var/folders/82/4ndc2fqs6ksfnlt8b44mmppm0000gn/T/"/>
    <property name="line.separator" value="
"/>
    <property name="java.vm.specification.vendor" value="Oracle Corporation"/>
    <property name="os.name" value="Mac OS X"/>
    <property name="classworlds.conf" value="/opt/apache-maven-3.6.1/bin/m2.conf"/>
    <property name="sun.jnu.encoding" value="UTF-8"/>
    <property name="java.library.path" value="/Users/cw/Library/Java/Extensions:/Library/Java/Extensions:/Network/Library/Java/Extensions:/System/Library/Java/Extensions:/usr/lib/java:."/>
    <property name="maven.conf" value="/opt/apache-maven-3.6.1/conf"/>
    <property name="java.specification.name" value="Java Platform API Specification"/>
    <property name="java.class.version" value="52.0"/>
    <property name="sun.management.compiler" value="HotSpot 64-Bit Tiered Compilers"/>
    <property name="os.version" value="11.3.1"/>
    <property name="library.jansi.path" value="/opt/apache-maven-3.6.1/lib/jansi-native"/>
    <property name="user.home" value="/Users/cw"/>
    <property name="user.timezone" value="Asia/Shanghai"/>
    <property name="java.awt.printerjob" value="sun.lwawt.macosx.CPrinterJob"/>
    <property name="java.specification.version" value="1.8"/>
    <property name="file.encoding" value="UTF-8"/>
    <property name="user.name" value="cw"/>
    <property name="java.class.path" value="/opt/apache-maven-3.6.1/boot/plexus-classworlds-2.6.0.jar"/>
    <property name="java.vm.specification.version" value="1.8"/>
    <property name="sun.arch.data.model" value="64"/>
    <property name="java.home" value="/Users/cw/Library/Java/JavaVirtualMachines/liberica-1.8.0_312/jre"/>
    <property name="sun.java.command" value="org.codehaus.plexus.classworlds.launcher.Launcher clean deploy"/>
    <property name="java.specification.vendor" value="Oracle Corporation"/>
    <property name="user.language" value="zh"/>
    <property name="awt.toolkit" value="sun.lwawt.macosx.LWCToolkit"/>
    <property name="java.vm.info" value="mixed mode"/>
    <property name="java.version" value="1.8.0_312"/>
    <property name="java.ext.dirs" value="/Users/cw/Library/Java/Extensions:/Users/cw/Library/Java/JavaVirtualMachines/liberica-1.8.0_312/jre/lib/ext:/Library/Java/Extensions:/Network/Library/Java/Extensions:/System/Library/Java/Extensions:/usr/lib/java"/>
    <property name="sun.boot.class.path" value="/Users/cw/Library/Java/JavaVirtualMachines/liberica-1.8.0_312/jre/lib/resources.jar:/Users/cw/Library/Java/JavaVirtualMachines/liberica-1.8.0_312/jre/lib/rt.jar:/Users/cw/Library/Java/JavaVirtualMachines/liberica-1.8.0_312/jre/lib/sunrsasign.jar:/Users/cw/Library/Java/JavaVirtualMachines/liberica-1.8.0_312/jre/lib/jsse.jar:/Users/cw/Library/Java/JavaVirtualMachines/liberica-1.8.0_312/jre/lib/jce.jar:/Users/cw/Library/Java/JavaVirtualMachines/liberica-1.8.0_312/jre/lib/charsets.jar:/Users/cw/Library/Java/JavaVirtualMachines/liberica-1.8.0_312/jre/lib/jfr.jar:/Users/cw/Library/Java/JavaVirtualMachines/liberica-1.8.0_312/jre/classes"/>
    <property name="java.vendor" value="BellSoft"/>
    <property name="maven.home" value="/opt/apache-maven-3.6.1"/>
    <property name="file.separator" value="/"/>
    <property name="java.vendor.url.bug" value="https://bell-sw.com/support"/>
    <property name="sun.cpu.endian" value="little"/>
    <property name="sun.io.unicode.encoding" value="UnicodeBig"/>
    <property name="sun.cpu.isalist" value=""/>
  </properties>
  <testcase classname="fit.wenchao.utils.timer.TimerTest" name="testGet_milli_elapse" time="0"/>
  <testcase classname="fit.wenchao.utils.timer.TimerTest" name="get_milli_elapse" time="0.125"/>
</testsuite>